<?xml version="1.0" encoding="UTF-8"?>
<!-- Generated by org.testng.reporters.JUnitReportReporter -->
<testsuite hostname="NAA" failures="0" tests="2" name="testscripts.ManageNewsTest" time="10.208" errors="0" timestamp="2025-04-08T10:51:31 IST" skipped="0">
  <testcase classname="testscripts.ManageNewsTest" name="verifyWhetherUserIsAbleToNavigateToManageNewsPageAndAddANews" time="4.508"/>
  <testcase classname="testscripts.ManageNewsTest" name="verifyWhetherUserIsAbleToNavigateToManageNewsPageAndSearchANews" time="5.700"/>
</testsuite> <!-- testscripts.ManageNewsTest -->
