<?xml version="1.0" encoding="UTF-8"?>
<!-- Generated by org.testng.reporters.JUnitReportReporter -->
<testsuite hostname="NAA" failures="0" tests="3" name="testscripts.ManageUsersTest" time="8.988" errors="0" timestamp="2025-04-11T12:18:25 IST" skipped="0">
  <testcase classname="testscripts.ManageUsersTest" name="verifyWhetherUserIsAbleToNavigateToManageUsersPageAndAddANewUser" time="3.199"/>
  <testcase classname="testscripts.ManageUsersTest" name="verifyWhetherUserIsAbleToNavigateToManageUsersPageAndSearchForAUser" time="2.840"/>
  <testcase classname="testscripts.ManageUsersTest" name="verifyWhetherUserIsAbleToNavigateToManageUsersPageAndPerformAReset" time="2.949"/>
</testsuite> <!-- testscripts.ManageUsersTest -->
