<?xml version="1.0" encoding="UTF-8"?>
<!-- Generated by org.testng.reporters.JUnitReportReporter -->
<testsuite hostname="NAA" failures="0" tests="2" name="testscripts.SubCategoryTest" time="8.786" errors="0" timestamp="2025-04-11T12:18:25 IST" skipped="0">
  <testcase classname="testscripts.SubCategoryTest" name="verifyWhetherUserIsAbleToAddANewCategoryOnTheSubCategoryPage" time="5.958"/>
  <testcase classname="testscripts.SubCategoryTest" name="verifyWhetherUserIsAbleToPerformSearchOnTheSubCategoryPage" time="2.828"/>
</testsuite> <!-- testscripts.SubCategoryTest -->
