<?xml version="1.0" encoding="UTF-8"?>
<!-- Generated by org.testng.reporters.JUnitReportReporter -->
<testsuite hostname="NAA" failures="0" tests="1" name="testscripts.HomeTest" time="3.625" errors="0" timestamp="2025-04-11T12:20:22 IST" skipped="0">
  <testcase classname="testscripts.HomeTest" name="verifyWhetherUserIsAbleToLogoutSuccessfully" time="3.625"/>
</testsuite> <!-- testscripts.HomeTest -->
