<?xml version="1.0" encoding="UTF-8"?>
<!-- Generated by org.testng.reporters.JUnitReportReporter -->
<testsuite hostname="NAA" failures="0" tests="4" name="testscripts.SubCategoryTest" time="21.897" errors="0" timestamp="2025-04-08T10:51:31 IST" skipped="2">
  <testcase classname="testscripts.SubCategoryTest" name="verifyWhetherUserIsAbleToAddANewCategoryOnTheSubCategoryPage" time="7.403"/>
  <testcase classname="testscripts.SubCategoryTest" name="verifyWhetherUserIsAbleToPerformSearchOnTheSubCategoryPage" time="4.548"/>
  <testcase classname="testscripts.SubCategoryTest" name="verifyWhetherUserIsAbleToPerformSearchOnTheSubCategoryPage" time="4.656">
    <skipped/>
  </testcase> <!-- verifyWhetherUserIsAbleToPerformSearchOnTheSubCategoryPage -->
  <testcase classname="testscripts.SubCategoryTest" name="verifyWhetherUserIsAbleToPerformSearchOnTheSubCategoryPage" time="5.290">
    <skipped/>
  </testcase> <!-- verifyWhetherUserIsAbleToPerformSearchOnTheSubCategoryPage -->
</testsuite> <!-- testscripts.SubCategoryTest -->
