<?xml version="1.0" encoding="UTF-8"?>
<!-- Generated by org.testng.reporters.JUnitReportReporter -->
<testsuite hostname="NAA" failures="0" tests="2" name="testscripts.ManageNewsTest" time="8.491" errors="0" timestamp="2025-04-07T13:34:36 IST" skipped="0">
  <testcase classname="testscripts.ManageNewsTest" name="verifyWhetherUserIsAbleToNavigateToManageNewsPageAndAddANews" time="4.999"/>
  <testcase classname="testscripts.ManageNewsTest" name="verifyWhetherUserIsAbleToNavigateToManageNewsPageAndSearchANews" time="3.492"/>
</testsuite> <!-- testscripts.ManageNewsTest -->
