<?xml version="1.0" encoding="UTF-8"?>
<!-- Generated by org.testng.reporters.JUnitReportReporter -->
<testsuite hostname="NAA" failures="0" tests="1" name="testscripts.HomeTest" time="4.650" errors="0" timestamp="2025-04-07T13:35:24 IST" skipped="0">
  <testcase classname="testscripts.HomeTest" name="verifyWhetherUserIsAbleToLogoutSuccessfully" time="4.650"/>
</testsuite> <!-- testscripts.HomeTest -->
