<?xml version="1.0" encoding="UTF-8"?>
<!-- Generated by org.testng.reporters.JUnitReportReporter -->
<testsuite hostname="NAA" failures="0" tests="3" name="testscripts.ManageUsersTest" time="19.087" errors="0" timestamp="2025-04-08T10:51:31 IST" skipped="0">
  <testcase classname="testscripts.ManageUsersTest" name="verifyWhetherUserIsAbleToNavigateToManageUsersPageAndAddANewUser" time="7.120"/>
  <testcase classname="testscripts.ManageUsersTest" name="verifyWhetherUserIsAbleToNavigateToManageUsersPageAndSearchForAUser" time="5.348"/>
  <testcase classname="testscripts.ManageUsersTest" name="verifyWhetherUserIsAbleToNavigateToManageUsersPageAndPerformAReset" time="6.619"/>
</testsuite> <!-- testscripts.ManageUsersTest -->
