<?xml version="1.0" encoding="UTF-8"?>
<!-- Generated by org.testng.reporters.JUnitReportReporter -->
<testsuite hostname="NAA" failures="0" tests="3" name="testscripts.ManageUsersTest" time="16.817" errors="0" timestamp="2025-04-07T13:44:03 IST" skipped="0">
  <testcase classname="testscripts.ManageUsersTest" name="verifyWhetherUserIsAbleToNavigateToManageUsersPageAndAddANewUser" time="6.275"/>
  <testcase classname="testscripts.ManageUsersTest" name="verifyWhetherUserIsAbleToNavigateToManageUsersPageAndSearchForAUser" time="4.765"/>
  <testcase classname="testscripts.ManageUsersTest" name="verifyWhetherUserIsAbleToNavigateToManageUsersPageAndPerformAReset" time="5.777"/>
</testsuite> <!-- testscripts.ManageUsersTest -->
