<?xml version="1.0" encoding="UTF-8"?>
<!-- Generated by org.testng.reporters.JUnitReportReporter -->
<testsuite hostname="NAA" failures="0" tests="1" name="testscripts.HomeTest" time="3.377" errors="0" timestamp="2025-04-08T10:51:31 IST" skipped="0">
  <testcase classname="testscripts.HomeTest" name="verifyWhetherUserIsAbleToLogoutSuccessfully" time="3.377"/>
</testsuite> <!-- testscripts.HomeTest -->
