<?xml version="1.0" encoding="UTF-8"?>
<!-- Generated by org.testng.reporters.JUnitReportReporter -->
<testsuite hostname="NAA" failures="0" tests="2" name="testscripts.SubCategoryTest" time="12.819" errors="0" timestamp="2025-04-07T13:51:31 IST" skipped="0">
  <testcase classname="testscripts.SubCategoryTest" name="verifyWhetherUserIsAbleToAddANewCategoryOnTheSubCategoryPage" time="8.230"/>
  <testcase classname="testscripts.SubCategoryTest" name="verifyWhetherUserIsAbleToPerformSearchOnTheSubCategoryPage" time="4.589"/>
</testsuite> <!-- testscripts.SubCategoryTest -->
