<?xml version="1.0" encoding="UTF-8"?>
<!-- Generated by org.testng.reporters.JUnitReportReporter -->
<testsuite hostname="NAA" failures="0" tests="2" name="testscripts.ManageNewsTest" time="4.964" errors="0" timestamp="2025-04-11T12:18:25 IST" skipped="0">
  <testcase classname="testscripts.ManageNewsTest" name="verifyWhetherUserIsAbleToNavigateToManageNewsPageAndAddANews" time="2.616"/>
  <testcase classname="testscripts.ManageNewsTest" name="verifyWhetherUserIsAbleToNavigateToManageNewsPageAndSearchANews" time="2.348"/>
</testsuite> <!-- testscripts.ManageNewsTest -->
